Build started 13.11.2015 19:13:31.
     1>Project "C:\Users\Кирилл\Documents\GitHub\MailClient\MailClient\MailClient.vcxproj" on node 2 (Build target(s)).
     1>ClCompile:
         C:\Program Files (x86)\Microsoft Visual Studio 14.0\VC\bin\CL.exe /c /Zi /nologo /W3 /WX- /sdl /O2 /Oi /Ot /Oy- /GL /D WIN32 /D NDEBUG /D _WINDOWS /D _USING_V110_SDK71_ /D _MBCS /Gm- /EHsc /MT /GS /Gy /fp:precise /Zc:wchar_t /Zc:forScope /Zc:inline /Yc"stdafx.h" /Fp"Release\MailClient.pch" /Fo"Release\\" /Fd"Release\vc140.pdb" /Gd /TP /analyze- /errorReport:prompt stdafx.cpp
         stdafx.cpp
         C:\Program Files (x86)\Microsoft Visual Studio 14.0\VC\bin\CL.exe /c /Zi /nologo /W3 /WX- /sdl /O2 /Oi /Ot /Oy- /GL /D WIN32 /D NDEBUG /D _WINDOWS /D _USING_V110_SDK71_ /D _MBCS /Gm- /EHsc /MT /GS /Gy /fp:precise /Zc:wchar_t /Zc:forScope /Zc:inline /Yu"stdafx.h" /Fp"Release\MailClient.pch" /Fo"Release\\" /Fd"Release\vc140.pdb" /Gd /TP /analyze- /errorReport:prompt IMAP.cpp MailClient.cpp
         IMAP.cpp
         MailClient.cpp
       ResourceCompile:
         C:\Program Files (x86)\Microsoft SDKs\Windows\v7.1A\bin\rc.exe /D _USING_V110_SDK71_ /l"0x0409" /nologo /fo"Release\MailClient.res" MailClient.rc 
       Link:
         C:\Program Files (x86)\Microsoft Visual Studio 14.0\VC\bin\link.exe /ERRORREPORT:PROMPT /OUT:"C:\Users\Кирилл\Documents\GitHub\MailClient\Release\MailClient.exe" /INCREMENTAL:NO /NOLOGO kernel32.lib user32.lib gdi32.lib winspool.lib comdlg32.lib advapi32.lib shell32.lib ole32.lib oleaut32.lib uuid.lib odbc32.lib odbccp32.lib /MANIFEST /MANIFESTUAC:"level='asInvoker' uiAccess='false'" /manifest:embed /Debug /PDB:"C:\Users\Кирилл\Documents\GitHub\MailClient\Release\MailClient.pdb" /SUBSYSTEM:WINDOWS,"5.01" /OPT:REF /OPT:ICF /LTCG:incremental /TLBID:1 /DYNAMICBASE /NXCOMPAT /IMPLIB:"C:\Users\Кирилл\Documents\GitHub\MailClient\Release\MailClient.lib" /MACHINE:X86 /SAFESEH Release\MailClient.res
         Release\IMAP.obj
         Release\MailClient.obj
         Release\stdafx.obj
         Generating code
         141 of 143 functions (98.6%) were compiled, the rest were copied from previous compilation.
           0 functions were new in current compilation
           0 functions had inline decision re-evaluated but remain unchanged
         Finished generating code
         MailClient.vcxproj -> C:\Users\Кирилл\Documents\GitHub\MailClient\Release\MailClient.exe
     1>Done Building Project "C:\Users\Кирилл\Documents\GitHub\MailClient\MailClient\MailClient.vcxproj" (Build target(s)).

Build succeeded.

Time Elapsed 00:00:09.40
