Build started 13.11.2015 19:12:07.
     1>Project "C:\Users\Кирилл\Documents\GitHub\MailClient\MailClient\MailClient.vcxproj" on node 2 (Build target(s)).
     1>ClCompile:
         C:\Program Files (x86)\Microsoft Visual Studio 14.0\VC\bin\x86_amd64\CL.exe /c /ZI /nologo /W3 /WX- /sdl /Od /D _DEBUG /D _WINDOWS /D _UNICODE /D UNICODE /Gm /EHsc /RTC1 /MDd /GS /fp:precise /Zc:wchar_t /Zc:forScope /Zc:inline /Yc"stdafx.h" /Fp"x64\Debug\MailClient.pch" /Fo"x64\Debug\\" /Fd"x64\Debug\vc140.pdb" /Gd /TP /errorReport:prompt stdafx.cpp
         stdafx.cpp
         C:\Program Files (x86)\Microsoft Visual Studio 14.0\VC\bin\x86_amd64\CL.exe /c /ZI /nologo /W3 /WX- /sdl /Od /D _DEBUG /D _WINDOWS /D _UNICODE /D UNICODE /Gm /EHsc /RTC1 /MDd /GS /fp:precise /Zc:wchar_t /Zc:forScope /Zc:inline /Yu"stdafx.h" /Fp"x64\Debug\MailClient.pch" /Fo"x64\Debug\\" /Fd"x64\Debug\vc140.pdb" /Gd /TP /errorReport:prompt IMAP.cpp MailClient.cpp
         MailClient.cpp
     1>c:\users\кирилл\documents\github\mailclient\mailclient\mailclient.cpp(39): error C2664: 'int LoadStringW(HINSTANCE,UINT,LPWSTR,int)': cannot convert argument 3 from 'char [100]' to 'LPWSTR'
         c:\users\кирилл\documents\github\mailclient\mailclient\mailclient.cpp(39): note: Types pointed to are unrelated; conversion requires reinterpret_cast, C-style cast or function-style cast
     1>c:\users\кирилл\documents\github\mailclient\mailclient\mailclient.cpp(40): error C2664: 'int LoadStringW(HINSTANCE,UINT,LPWSTR,int)': cannot convert argument 3 from 'char [100]' to 'LPWSTR'
         c:\users\кирилл\documents\github\mailclient\mailclient\mailclient.cpp(40): note: Types pointed to are unrelated; conversion requires reinterpret_cast, C-style cast or function-style cast
     1>c:\users\кирилл\documents\github\mailclient\mailclient\mailclient.cpp(88): error C2440: '=': cannot convert from 'char [100]' to 'LPCWSTR'
         c:\users\кирилл\documents\github\mailclient\mailclient\mailclient.cpp(88): note: Types pointed to are unrelated; conversion requires reinterpret_cast, C-style cast or function-style cast
     1>c:\users\кирилл\documents\github\mailclient\mailclient\mailclient.cpp(113): warning C4244: '=': conversion from 'LRESULT' to 'int', possible loss of data
     1>c:\users\кирилл\documents\github\mailclient\mailclient\mailclient.cpp(117): error C2440: '=': cannot convert from 'LPSTR' to 'LPWSTR'
         c:\users\кирилл\documents\github\mailclient\mailclient\mailclient.cpp(117): note: Types pointed to are unrelated; conversion requires reinterpret_cast, C-style cast or function-style cast
     1>c:\users\кирилл\documents\github\mailclient\mailclient\mailclient.cpp(164): error C2664: 'HWND CreateWindowExW(DWORD,LPCWSTR,LPCWSTR,DWORD,int,int,int,int,HWND,HMENU,HINSTANCE,LPVOID)': cannot convert argument 2 from 'char [100]' to 'LPCWSTR'
         c:\users\кирилл\documents\github\mailclient\mailclient\mailclient.cpp(164): note: Types pointed to are unrelated; conversion requires reinterpret_cast, C-style cast or function-style cast
     1>c:\users\кирилл\documents\github\mailclient\mailclient\mailclient.cpp(271): error C2664: 'BOOL SetWindowTextW(HWND,LPCWSTR)': cannot convert argument 2 from 'const char [16]' to 'LPCWSTR'
         c:\users\кирилл\documents\github\mailclient\mailclient\mailclient.cpp(271): note: Types pointed to are unrelated; conversion requires reinterpret_cast, C-style cast or function-style cast
     1>c:\users\кирилл\documents\github\mailclient\mailclient\mailclient.cpp(272): error C2664: 'BOOL SetWindowTextW(HWND,LPCWSTR)': cannot convert argument 2 from 'const char [17]' to 'LPCWSTR'
         c:\users\кирилл\documents\github\mailclient\mailclient\mailclient.cpp(272): note: Types pointed to are unrelated; conversion requires reinterpret_cast, C-style cast or function-style cast
     1>c:\users\кирилл\documents\github\mailclient\mailclient\mailclient.cpp(289): error C2664: 'int GetWindowTextW(HWND,LPWSTR,int)': cannot convert argument 2 from 'char [100]' to 'LPWSTR'
         c:\users\кирилл\documents\github\mailclient\mailclient\mailclient.cpp(289): note: Types pointed to are unrelated; conversion requires reinterpret_cast, C-style cast or function-style cast
     1>c:\users\кирилл\documents\github\mailclient\mailclient\mailclient.cpp(290): error C2664: 'int GetWindowTextW(HWND,LPWSTR,int)': cannot convert argument 2 from 'char [100]' to 'LPWSTR'
         c:\users\кирилл\documents\github\mailclient\mailclient\mailclient.cpp(290): note: Types pointed to are unrelated; conversion requires reinterpret_cast, C-style cast or function-style cast
     1>c:\users\кирилл\documents\github\mailclient\mailclient\mailclient.cpp(291): error C2664: 'int GetWindowTextW(HWND,LPWSTR,int)': cannot convert argument 2 from 'char [100]' to 'LPWSTR'
         c:\users\кирилл\documents\github\mailclient\mailclient\mailclient.cpp(291): note: Types pointed to are unrelated; conversion requires reinterpret_cast, C-style cast or function-style cast
     1>c:\users\кирилл\documents\github\mailclient\mailclient\mailclient.cpp(301): error C2664: 'int MessageBoxW(HWND,LPCWSTR,LPCWSTR,UINT)': cannot convert argument 2 from 'const char [26]' to 'LPCWSTR'
         c:\users\кирилл\documents\github\mailclient\mailclient\mailclient.cpp(301): note: Types pointed to are unrelated; conversion requires reinterpret_cast, C-style cast or function-style cast
         IMAP.cpp
         Generating Code...
     1>Done Building Project "C:\Users\Кирилл\Documents\GitHub\MailClient\MailClient\MailClient.vcxproj" (Build target(s)) -- FAILED.

Build FAILED.

Time Elapsed 00:00:06.22
